Unity Editor version:    2020.3.20f1 (41c4e627c95f)
Branch:                  2020.3/staging
Build type:              Release
Batch mode:              YES
System name:             Linux
Distro version:          #23-Ubuntu SMP Thu Oct 28 14:47:59 UTC 2021
Kernel version:          5.13.0-1019-oem
Architecture:            x86_64
Available memory:        7696 MB
Using pre-set license
Pro License: NO
Desktop is 1920 x 1080 @ 60 Hz

COMMAND LINE ARGUMENTS:
Unity
-adb2
-batchMode
-noUpm
-name
AssetImportWorker0
-projectPath
/home/thomas/MAR - TP3 [Projet]
-logFile
Logs/AssetImportWorker0.log
-srvPort
37529
Successfully changed project path to: /home/thomas/MAR - TP3 [Projet]
/home/thomas/MAR - TP3 [Projet]
Using Asset Import Pipeline V2.
Refreshing native plugins compatible for Editor in 49,98 ms, found 0 plugins.
Preloading 0 native plugins for Editor in 0,00 ms.
Initialize engine version: 2020.3.20f1 (41c4e627c95f)
[Subsystems] Discovering subsystems at path /home/thomas/Documents/UnityFolder2020/2020.3.20f1/Editor/Data/Resources/UnitySubsystems
[Subsystems] Discovering subsystems at path /home/thomas/MAR - TP3 [Projet]/Assets
GLX Extensions: GLX_ARB_create_context GLX_ARB_create_context_no_error GLX_ARB_create_context_profile GLX_ARB_create_context_robustness GLX_ARB_fbconfig_float GLX_ARB_framebuffer_sRGB GLX_ARB_get_proc_address GLX_ARB_multisample GLX_EXT_buffer_age GLX_EXT_create_context_es2_profile GLX_EXT_create_context_es_profile GLX_EXT_fbconfig_packed_float GLX_EXT_framebuffer_sRGB GLX_EXT_import_context GLX_EXT_swap_control GLX_EXT_swap_control_tear GLX_EXT_texture_from_pixmap GLX_EXT_visual_info GLX_EXT_visual_rating GLX_INTEL_swap_event GLX_MESA_copy_sub_buffer GLX_MESA_query_renderer GLX_MESA_swap_control GLX_OML_swap_method GLX_OML_sync_control GLX_SGIS_multisample GLX_SGIX_fbconfig GLX_SGIX_pbuffer GLX_SGIX_visual_select_group GLX_SGI_make_current_read GLX_SGI_swap_control GLX_SGI_video_sync 
Renderer: Mesa Intel(R) Xe Graphics (TGL GT2)
Vendor:   Intel
Version:  4.6 (Core Profile) Mesa 21.0.3
GLES:     0
 GL_3DFX_texture_compression_FXT1 GL_AMD_conservative_depth GL_AMD_depth_clamp_separate GL_AMD_draw_buffers_blend GL_AMD_gpu_shader_int64 GL_AMD_multi_draw_indirect GL_AMD_performance_monitor GL_AMD_pinned_memory GL_AMD_query_buffer_object GL_AMD_seamless_cubemap_per_texture GL_AMD_shader_stencil_export GL_AMD_shader_trinary_minmax GL_AMD_texture_texture4 GL_AMD_vertex_shader_layer GL_AMD_vertex_shader_viewport_index GL_ANGLE_texture_compression_dxt3 GL_ANGLE_texture_compression_dxt5 GL_ARB_ES2_compatibility GL_ARB_ES3_1_compatibility GL_ARB_ES3_2_compatibility GL_ARB_ES3_compatibility GL_ARB_arrays_of_arrays GL_ARB_base_instance GL_ARB_blend_func_extended GL_ARB_buffer_storage GL_ARB_clear_buffer_object GL_ARB_clear_texture GL_ARB_clip_control GL_ARB_compressed_texture_pixel_storage GL_ARB_compute_shader GL_ARB_compute_variable_group_size GL_ARB_conditional_render_inverted GL_ARB_conservative_depth GL_ARB_copy_buffer GL_ARB_copy_image GL_ARB_cull_distance GL_ARB_debug_output GL_ARB_depth_buffer_float GL_ARB
_depth_clamp GL_ARB_derivative_control GL_ARB_direct_state_access GL_ARB_draw_buffers GL_ARB_draw_buffers_blend GL_ARB_draw_elements_base_vertex GL_ARB_draw_indirect GL_ARB_draw_instanced GL_ARB_enhanced_layouts GL_ARB_explicit_attrib_location GL_ARB_explicit_uniform_location GL_ARB_fragment_coord_conventions GL_ARB_fragment_layer_viewport GL_ARB_fragment_shader GL_ARB_fragment_shader_interlock GL_ARB_framebuffer_no_attachments GL_ARB_framebuffer_object GL_ARB_framebuffer_sRGB GL_ARB_get_program_binary GL_ARB_get_texture_sub_image GL_ARB_gl_spirv GL_ARB_gpu_shader5 GL_ARB_gpu_shader_fp64 GL_ARB_gpu_shader_int64 GL_ARB_half_float_pixel GL_ARB_half_float_vertex GL_ARB_indirect_parameters GL_ARB_instanced_arrays GL_ARB_internalformat_query GL_ARB_internalformat_query2 GL_ARB_invalidate_subdata GL_ARB_map_buffer_alignment GL_ARB_map_buffer_range GL_ARB_multi_bind GL_ARB_multi_draw_indirect GL_ARB_occlusion_query2 GL_ARB_parallel_shader_compile GL_ARB_pipeline_statistics_query GL_ARB_pixel_buffer_object GL_ARB_po
int_sprite GL_ARB_polygon_offset_clamp GL_ARB_post_depth_coverage GL_ARB_program_interface_query GL_ARB_provoking_vertex GL_ARB_query_buffer_object GL_ARB_robust_buffer_access_behavior GL_ARB_robustness GL_ARB_sample_shading GL_ARB_sampler_objects GL_ARB_seamless_cube_map GL_ARB_seamless_cubemap_per_texture GL_ARB_separate_shader_objects GL_ARB_shader_atomic_counter_ops GL_ARB_shader_atomic_counters GL_ARB_shader_ballot GL_ARB_shader_bit_encoding GL_ARB_shader_clock GL_ARB_shader_draw_parameters GL_ARB_shader_group_vote GL_ARB_shader_image_load_store GL_ARB_shader_image_size GL_ARB_shader_objects GL_ARB_shader_precision GL_ARB_shader_stencil_export GL_ARB_shader_storage_buffer_object GL_ARB_shader_subroutine GL_ARB_shader_texture_image_samples GL_ARB_shader_texture_lod GL_ARB_shader_viewport_layer_array GL_ARB_shading_language_420pack GL_ARB_shading_language_include GL_ARB_shading_language_packing GL_ARB_spirv_extensions GL_ARB_stencil_texturing GL_ARB_sync GL_ARB_tessellation_shader GL_ARB_texture_barrier G
L_ARB_texture_buffer_object GL_ARB_texture_buffer_object_rgb32 GL_ARB_texture_buffer_range GL_ARB_texture_compression_bptc GL_ARB_texture_compression_rgtc GL_ARB_texture_cube_map_array GL_ARB_texture_filter_anisotropic GL_ARB_texture_float GL_ARB_texture_gather GL_ARB_texture_mirror_clamp_to_edge GL_ARB_texture_multisample GL_ARB_texture_non_power_of_two GL_ARB_texture_query_levels GL_ARB_texture_query_lod GL_ARB_texture_rectangle GL_ARB_texture_rg GL_ARB_texture_rgb10_a2ui GL_ARB_texture_stencil8 GL_ARB_texture_storage GL_ARB_texture_storage_multisample GL_ARB_texture_swizzle GL_ARB_texture_view GL_ARB_timer_query GL_ARB_transform_feedback2 GL_ARB_transform_feedback3 GL_ARB_transform_feedback_instanced GL_ARB_transform_feedback_overflow_query GL_ARB_uniform_buffer_object GL_ARB_vertex_array_bgra GL_ARB_vertex_array_object GL_ARB_vertex_attrib_64bit GL_ARB_vertex_attrib_binding GL_ARB_vertex_buffer_object GL_ARB_vertex_shader GL_ARB_vertex_type_10f_11f_11f_rev GL_ARB_vertex_type_2_10_10_10_rev GL_ARB_viewpor
t_array GL_ATI_blend_equation_separate GL_ATI_texture_float GL_EXT_EGL_image_storage GL_EXT_EGL_sync GL_EXT_abgr GL_EXT_blend_equation_separate GL_EXT_demote_to_helper_invocation GL_EXT_depth_bounds_test GL_EXT_draw_buffers2 GL_EXT_draw_instanced GL_EXT_framebuffer_blit GL_EXT_framebuffer_multisample GL_EXT_framebuffer_multisample_blit_scaled GL_EXT_framebuffer_object GL_EXT_framebuffer_sRGB GL_EXT_packed_depth_stencil GL_EXT_packed_float GL_EXT_pixel_buffer_object GL_EXT_polygon_offset_clamp GL_EXT_provoking_vertex GL_EXT_semaphore GL_EXT_semaphore_fd GL_EXT_shader_framebuffer_fetch GL_EXT_shader_framebuffer_fetch_non_coherent GL_EXT_shader_integer_mix GL_EXT_shader_samples_identical GL_EXT_texture_array GL_EXT_texture_compression_dxt1 GL_EXT_texture_compression_rgtc GL_EXT_texture_compression_s3tc GL_EXT_texture_filter_anisotropic GL_EXT_texture_integer GL_EXT_texture_sRGB GL_EXT_texture_sRGB_R8 GL_EXT_texture_sRGB_decode GL_EXT_texture_shadow_lod GL_EXT_texture_shared_exponent GL_EXT_texture_snorm GL_EXT_
texture_swizzle GL_EXT_timer_query GL_EXT_transform_feedback GL_EXT_vertex_array_bgra GL_EXT_vertex_attrib_64bit GL_IBM_multimode_draw_arrays GL_INTEL_blackhole_render GL_INTEL_conservative_rasterization GL_INTEL_performance_query GL_INTEL_shader_atomic_float_minmax GL_INTEL_shader_integer_functions2 GL_KHR_blend_equation_advanced GL_KHR_blend_equation_advanced_coherent GL_KHR_context_flush_control GL_KHR_debug GL_KHR_no_error GL_KHR_parallel_shader_compile GL_KHR_robust_buffer_access_behavior GL_KHR_robustness GL_KHR_texture_compression_astc_ldr GL_KHR_texture_compression_astc_sliced_3d GL_MESA_framebuffer_flip_y GL_MESA_pack_invert GL_MESA_shader_integer_functions GL_MESA_texture_signed_rgba GL_NV_compute_shader_derivatives GL_NV_conditional_render GL_NV_copy_image GL_NV_depth_clamp GL_NV_fragment_shader_interlock GL_NV_packed_depth_stencil GL_NV_texture_barrier GL_OES_EGL_image GL_S3_s3tc
OPENGL LOG: Creating OpenGL 4.6 graphics device ; Context level  <OpenGL 4.5> ; Context handle -382970880
../src/intel/isl/isl.c:2023: FINISHME: ../src/intel/isl/isl.c:isl_surf_supports_ccs: CCS for 3D textures is disabled, but a workaround is available.
Initialize mono
Mono path[0] = '/home/thomas/Documents/UnityFolder2020/2020.3.20f1/Editor/Data/Managed'
Mono path[1] = '/home/thomas/Documents/UnityFolder2020/2020.3.20f1/Editor/Data/MonoBleedingEdge/lib/mono/unityjit'
Mono config path = '/home/thomas/Documents/UnityFolder2020/2020.3.20f1/Editor/Data/MonoBleedingEdge/etc'
Using monoOptions --debugger-agent=transport=dt_socket,embedding=1,server=y,suspend=n,address=127.0.0.1:56347
Begin MonoManager ReloadAssembly
Registering precompiled unity dll's ...
Register platform support module: /home/thomas/Documents/UnityFolder2020/2020.3.20f1/Editor/Data/PlaybackEngines/LinuxStandaloneSupport/UnityEditor.LinuxStandalone.Extensions.dll
Registered in 0,001052 seconds.
Native extension for LinuxStandalone target not found
Refreshing native plugins compatible for Editor in 28,97 ms, found 0 plugins.
Preloading 0 native plugins for Editor in 0,00 ms.
Mono: successfully reloaded assembly
- Completed reload, in  1,602 seconds
Domain Reload Profiling:
	ReloadAssembly (1602ms)
		BeginReloadAssembly (29ms)
			ExecutionOrderSort (0ms)
			DisableScriptedObjects (0ms)
			BackupInstance (0ms)
			ReleaseScriptingObjects (0ms)
			CreateAndSetChildDomain (1ms)
		EndReloadAssembly (449ms)
			LoadAssemblies (27ms)
			RebuildTransferFunctionScriptingTraits (0ms)
			SetupTypeCache (161ms)
			ReleaseScriptCaches (0ms)
			RebuildScriptCaches (43ms)
			SetupLoadedEditorAssemblies (191ms)
				LogAssemblyErrors (0ms)
				InitializePlatformSupportModulesInManaged (4ms)
				SetLoadedEditorAssemblies (1ms)
				RefreshPlugins (29ms)
				BeforeProcessingInitializeOnLoad (9ms)
				ProcessInitializeOnLoadAttributes (121ms)
				ProcessInitializeOnLoadMethodAttributes (28ms)
				AfterProcessingInitializeOnLoad (0ms)
				EditorAssembliesLoaded (0ms)
			ExecutionOrderSort2 (0ms)
			AwakeInstancesAfterBackupRestoration (0ms)
Platform modules already initialized, skipping
Registering precompiled user dll's ...
Registered in 0,001338 seconds.
Begin MonoManager ReloadAssembly
Native extension for LinuxStandalone target not found
Refreshing native plugins compatible for Editor in 0,33 ms, found 0 plugins.
Preloading 0 native plugins for Editor in 0,00 ms.
Mono: successfully reloaded assembly
- Completed reload, in  0,940 seconds
Domain Reload Profiling:
	ReloadAssembly (941ms)
		BeginReloadAssembly (115ms)
			ExecutionOrderSort (0ms)
			DisableScriptedObjects (4ms)
			BackupInstance (0ms)
			ReleaseScriptingObjects (0ms)
			CreateAndSetChildDomain (20ms)
		EndReloadAssembly (770ms)
			LoadAssemblies (60ms)
			RebuildTransferFunctionScriptingTraits (0ms)
			SetupTypeCache (246ms)
			ReleaseScriptCaches (0ms)
			RebuildScriptCaches (46ms)
			SetupLoadedEditorAssemblies (314ms)
				LogAssemblyErrors (0ms)
				InitializePlatformSupportModulesInManaged (6ms)
				SetLoadedEditorAssemblies (0ms)
				RefreshPlugins (0ms)
				BeforeProcessingInitializeOnLoad (61ms)
				ProcessInitializeOnLoadAttributes (239ms)
				ProcessInitializeOnLoadMethodAttributes (4ms)
				AfterProcessingInitializeOnLoad (3ms)
				EditorAssembliesLoaded (0ms)
			ExecutionOrderSort2 (0ms)
			AwakeInstancesAfterBackupRestoration (7ms)
Platform modules already initialized, skipping
========================================================================
Worker process is ready to serve import requests
Launched and connected shader compiler UnityShaderCompiler after 0.01 seconds
Refreshing native plugins compatible for Editor in 0,33 ms, found 0 plugins.
Preloading 0 native plugins for Editor in 0,00 ms.
Unloading 1412 Unused Serialized files (Serialized files now loaded: 0)
System memory in use before: 72,6 MB.
System memory in use after: 72,6 MB.

Unloading 16 unused Assets to reduce memory usage. Loaded Objects now: 1874.
Total: 5,931016 ms (FindLiveObjects: 0,170925 ms CreateObjectMapping: 0,053958 ms MarkObjects: 5,546872 ms  DeleteObjects: 0,157985 ms)

AssetImportParameters requested are different than current active one (requested -> active):
  custom:video-decoder-ogg-theora: a1e56fd34408186e4bbccfd4996cb3dc -> 
  custom:container-muxer-webm: aa71ff27fc2769a1b78a27578f13a17b -> 
  custom:container-demuxer-webm: 4f35f7cbe854078d1ac9338744f61a02 -> 
  custom:container-demuxer-ogg: 62fdf1f143b41e24485cea50d1cbac27 -> 
  custom:video-encoder-webm-vp8: eb34c28f22e8b96e1ab97ce403110664 -> 
  custom:video-decoder-webm-vp8: 9c59270c3fd7afecdb556c50c9e8de78 -> 
  custom:audio-decoder-ogg-vorbis: bf7c407c2cedff20999df2af8eb42d56 -> 
  custom:audio-encoder-webm-vorbis: bf7c407c2cedff20999df2af8eb42d56 -> 
========================================================================
Received Import Request.
  path: Assets/Material/ColorRed.mat
  artifactKey: Guid(3e1dc9f298552566fb83ad9df724cd1b) Importer(815301076,1909f56bfc062723c751e8b465ee728b)
Start importing Assets/Material/ColorRed.mat using Guid(3e1dc9f298552566fb83ad9df724cd1b) Importer(815301076,1909f56bfc062723c751e8b465ee728b)  -> (artifact id: '4b86c7c6bbc7ce462c6f008de9734803') in 0,088836 seconds 
  Import took 0,092071 seconds .

========================================================================
Received Import Request.
  Time since last request: 13,125650 seconds.
  path: Assets/Material/ColorRedSki.mat
  artifactKey: Guid(af9b377e5f61335c29058bb74b2e4ccc) Importer(815301076,1909f56bfc062723c751e8b465ee728b)
Start importing Assets/Material/ColorRedSki.mat using Guid(af9b377e5f61335c29058bb74b2e4ccc) Importer(815301076,1909f56bfc062723c751e8b465ee728b)  -> (artifact id: '38cee5696a2cd9faed43c31db9c3e148') in 0,008516 seconds 
  Import took 0,011586 seconds .

========================================================================
Received Prepare
Registering precompiled user dll's ...
Registered in 0,001997 seconds.
Begin MonoManager ReloadAssembly
Native extension for LinuxStandalone target not found
Refreshing native plugins compatible for Editor in 0,34 ms, found 0 plugins.
Preloading 0 native plugins for Editor in 0,00 ms.
Mono: successfully reloaded assembly
- Completed reload, in  0,939 seconds
Domain Reload Profiling:
	ReloadAssembly (940ms)
		BeginReloadAssembly (125ms)
			ExecutionOrderSort (0ms)
			DisableScriptedObjects (4ms)
			BackupInstance (0ms)
			ReleaseScriptingObjects (0ms)
			CreateAndSetChildDomain (53ms)
		EndReloadAssembly (758ms)
			LoadAssemblies (83ms)
			RebuildTransferFunctionScriptingTraits (0ms)
			SetupTypeCache (243ms)
			ReleaseScriptCaches (1ms)
			RebuildScriptCaches (42ms)
			SetupLoadedEditorAssemblies (289ms)
				LogAssemblyErrors (0ms)
				InitializePlatformSupportModulesInManaged (5ms)
				SetLoadedEditorAssemblies (0ms)
				RefreshPlugins (0ms)
				BeforeProcessingInitializeOnLoad (55ms)
				ProcessInitializeOnLoadAttributes (220ms)
				ProcessInitializeOnLoadMethodAttributes (3ms)
				AfterProcessingInitializeOnLoad (4ms)
				EditorAssembliesLoaded (0ms)
			ExecutionOrderSort2 (0ms)
			AwakeInstancesAfterBackupRestoration (7ms)
Platform modules already initialized, skipping
Refreshing native plugins compatible for Editor in 0,38 ms, found 0 plugins.
Preloading 0 native plugins for Editor in 0,00 ms.
Unloading 1406 Unused Serialized files (Serialized files now loaded: 0)
System memory in use before: 74,0 MB.
System memory in use after: 74,1 MB.

Unloading 11 unused Assets to reduce memory usage. Loaded Objects now: 1916.
Total: 5,391665 ms (FindLiveObjects: 0,142649 ms CreateObjectMapping: 0,034768 ms MarkObjects: 5,175606 ms  DeleteObjects: 0,037686 ms)

AssetImportParameters requested are different than current active one (requested -> active):
  custom:video-decoder-ogg-theora: a1e56fd34408186e4bbccfd4996cb3dc -> 
  custom:container-muxer-webm: aa71ff27fc2769a1b78a27578f13a17b -> 
  custom:container-demuxer-webm: 4f35f7cbe854078d1ac9338744f61a02 -> 
  custom:container-demuxer-ogg: 62fdf1f143b41e24485cea50d1cbac27 -> 
  custom:video-encoder-webm-vp8: eb34c28f22e8b96e1ab97ce403110664 -> 
  custom:video-decoder-webm-vp8: 9c59270c3fd7afecdb556c50c9e8de78 -> 
  custom:audio-decoder-ogg-vorbis: bf7c407c2cedff20999df2af8eb42d56 -> 
  custom:audio-encoder-webm-vorbis: bf7c407c2cedff20999df2af8eb42d56 -> 
========================================================================
Received Import Request.
  Time since last request: 136,515102 seconds.
  path: Assets/Prefab/SkieurBis.prefab
  artifactKey: Guid(9cacd004859f40f44960e29f3244bee2) Importer(815301076,1909f56bfc062723c751e8b465ee728b)
Start importing Assets/Prefab/SkieurBis.prefab using Guid(9cacd004859f40f44960e29f3244bee2) Importer(815301076,1909f56bfc062723c751e8b465ee728b)  -> (artifact id: 'e1c0a42ee3ff99e3e6a0b02fd6fdc672') in 0,060477 seconds 
  Import took 0,063198 seconds .

========================================================================
Received Import Request.
  Time since last request: 10,643243 seconds.
  path: Assets/Prefab/SkieurBis.prefab
  artifactKey: Guid(9cacd004859f40f44960e29f3244bee2) Importer(815301076,1909f56bfc062723c751e8b465ee728b)
Start importing Assets/Prefab/SkieurBis.prefab using Guid(9cacd004859f40f44960e29f3244bee2) Importer(815301076,1909f56bfc062723c751e8b465ee728b)  -> (artifact id: 'ec908a3e540d985f9b702f8ac36363a3') in 0,012476 seconds 
  Import took 0,015876 seconds .

========================================================================
Received Import Request.
  Time since last request: 9,356657 seconds.
  path: Assets/Prefab/SkieurBis.prefab
  artifactKey: Guid(9cacd004859f40f44960e29f3244bee2) Importer(815301076,1909f56bfc062723c751e8b465ee728b)
Start importing Assets/Prefab/SkieurBis.prefab using Guid(9cacd004859f40f44960e29f3244bee2) Importer(815301076,1909f56bfc062723c751e8b465ee728b)  -> (artifact id: 'd3ae6883d669058974130cee595e7615') in 0,010374 seconds 
  Import took 0,013565 seconds .

========================================================================
Received Import Request.
  Time since last request: 2,631528 seconds.
  path: Assets/Prefab/SkieurBis.prefab
  artifactKey: Guid(9cacd004859f40f44960e29f3244bee2) Importer(815301076,1909f56bfc062723c751e8b465ee728b)
Start importing Assets/Prefab/SkieurBis.prefab using Guid(9cacd004859f40f44960e29f3244bee2) Importer(815301076,1909f56bfc062723c751e8b465ee728b)  -> (artifact id: '91e1552da9a1b8051b2288cf4739cf54') in 0,012030 seconds 
  Import took 0,018235 seconds .

========================================================================
Received Import Request.
  Time since last request: 7,302501 seconds.
  path: Assets/Prefab/SkieurBis.prefab
  artifactKey: Guid(9cacd004859f40f44960e29f3244bee2) Importer(815301076,1909f56bfc062723c751e8b465ee728b)
Start importing Assets/Prefab/SkieurBis.prefab using Guid(9cacd004859f40f44960e29f3244bee2) Importer(815301076,1909f56bfc062723c751e8b465ee728b)  -> (artifact id: '58558f9d09f59e25aba299b84f070ec1') in 0,017136 seconds 
  Import took 0,022622 seconds .

========================================================================
Received Import Request.
  Time since last request: 4,069315 seconds.
  path: Assets/Prefab/SkieurBis.prefab
  artifactKey: Guid(9cacd004859f40f44960e29f3244bee2) Importer(815301076,1909f56bfc062723c751e8b465ee728b)
Start importing Assets/Prefab/SkieurBis.prefab using Guid(9cacd004859f40f44960e29f3244bee2) Importer(815301076,1909f56bfc062723c751e8b465ee728b)  -> (artifact id: '5d09536cf19a97fae64cc8865a5ef9fa') in 0,009562 seconds 
  Import took 0,012505 seconds .

========================================================================
Received Import Request.
  Time since last request: 5,740377 seconds.
  path: Assets/Prefab/SkieurBis.prefab
  artifactKey: Guid(9cacd004859f40f44960e29f3244bee2) Importer(815301076,1909f56bfc062723c751e8b465ee728b)
Start importing Assets/Prefab/SkieurBis.prefab using Guid(9cacd004859f40f44960e29f3244bee2) Importer(815301076,1909f56bfc062723c751e8b465ee728b)  -> (artifact id: '2977b66bc2bb09d436aef64005443df8') in 0,007632 seconds 
  Import took 0,012250 seconds .

========================================================================
Received Import Request.
  Time since last request: 6,708047 seconds.
  path: Assets/Prefab/SkieurBis.prefab
  artifactKey: Guid(9cacd004859f40f44960e29f3244bee2) Importer(815301076,1909f56bfc062723c751e8b465ee728b)
Start importing Assets/Prefab/SkieurBis.prefab using Guid(9cacd004859f40f44960e29f3244bee2) Importer(815301076,1909f56bfc062723c751e8b465ee728b)  -> (artifact id: 'd7099d5c202fd398fcdf7dedd9b20941') in 0,014616 seconds 
  Import took 0,017696 seconds .

========================================================================
Received Import Request.
  Time since last request: 3,258557 seconds.
  path: Assets/Prefab/SkieurBis.prefab
  artifactKey: Guid(9cacd004859f40f44960e29f3244bee2) Importer(815301076,1909f56bfc062723c751e8b465ee728b)
Start importing Assets/Prefab/SkieurBis.prefab using Guid(9cacd004859f40f44960e29f3244bee2) Importer(815301076,1909f56bfc062723c751e8b465ee728b)  -> (artifact id: '3f9a6b6463235fb622234d4b5b5ca919') in 0,014459 seconds 
  Import took 0,019344 seconds .

========================================================================
Received Import Request.
  Time since last request: 27,393123 seconds.
  path: Assets/Material/ColorBlueSki.mat
  artifactKey: Guid(f0883e66382c9cd6e815afb1410ac0e2) Importer(815301076,1909f56bfc062723c751e8b465ee728b)
Start importing Assets/Material/ColorBlueSki.mat using Guid(f0883e66382c9cd6e815afb1410ac0e2) Importer(815301076,1909f56bfc062723c751e8b465ee728b)  -> (artifact id: 'a0a8b97352c1209a205484b3d96426ab') in 0,021794 seconds 
  Import took 0,026204 seconds .

========================================================================
Received Import Request.
  Time since last request: 147,648435 seconds.
  path: Assets/Prefab/SkieurBis.prefab
  artifactKey: Guid(9cacd004859f40f44960e29f3244bee2) Importer(815301076,1909f56bfc062723c751e8b465ee728b)
Start importing Assets/Prefab/SkieurBis.prefab using Guid(9cacd004859f40f44960e29f3244bee2) Importer(815301076,1909f56bfc062723c751e8b465ee728b)  -> (artifact id: '0493055005a337a5ffd790892ba0a8bb') in 0,016247 seconds 
  Import took 0,021362 seconds .

========================================================================
Received Import Request.
  Time since last request: 8,235578 seconds.
  path: Assets/Prefab/SkieurBis.prefab
  artifactKey: Guid(9cacd004859f40f44960e29f3244bee2) Importer(815301076,1909f56bfc062723c751e8b465ee728b)
Start importing Assets/Prefab/SkieurBis.prefab using Guid(9cacd004859f40f44960e29f3244bee2) Importer(815301076,1909f56bfc062723c751e8b465ee728b)  -> (artifact id: '7503e0de384782a074b38586498d804d') in 0,012310 seconds 
  Import took 0,015369 seconds .

========================================================================
Received Import Request.
  Time since last request: 5,535016 seconds.
  path: Assets/Prefab/SkieurBis.prefab
  artifactKey: Guid(9cacd004859f40f44960e29f3244bee2) Importer(815301076,1909f56bfc062723c751e8b465ee728b)
Start importing Assets/Prefab/SkieurBis.prefab using Guid(9cacd004859f40f44960e29f3244bee2) Importer(815301076,1909f56bfc062723c751e8b465ee728b)  -> (artifact id: '3aa8b40055534f932edd4512c6e27d80') in 0,010206 seconds 
  Import took 0,014827 seconds .

========================================================================
Received Prepare
Registering precompiled user dll's ...
Registered in 0,001430 seconds.
Begin MonoManager ReloadAssembly
Native extension for LinuxStandalone target not found
Refreshing native plugins compatible for Editor in 0,37 ms, found 0 plugins.
Preloading 0 native plugins for Editor in 0,00 ms.
Mono: successfully reloaded assembly
- Completed reload, in  0,932 seconds
Domain Reload Profiling:
	ReloadAssembly (932ms)
		BeginReloadAssembly (105ms)
			ExecutionOrderSort (0ms)
			DisableScriptedObjects (4ms)
			BackupInstance (0ms)
			ReleaseScriptingObjects (0ms)
			CreateAndSetChildDomain (40ms)
		EndReloadAssembly (771ms)
			LoadAssemblies (74ms)
			RebuildTransferFunctionScriptingTraits (0ms)
			SetupTypeCache (265ms)
			ReleaseScriptCaches (1ms)
			RebuildScriptCaches (41ms)
			SetupLoadedEditorAssemblies (296ms)
				LogAssemblyErrors (0ms)
				InitializePlatformSupportModulesInManaged (5ms)
				SetLoadedEditorAssemblies (1ms)
				RefreshPlugins (0ms)
				BeforeProcessingInitializeOnLoad (56ms)
				ProcessInitializeOnLoadAttributes (226ms)
				ProcessInitializeOnLoadMethodAttributes (3ms)
				AfterProcessingInitializeOnLoad (4ms)
				EditorAssembliesLoaded (0ms)
			ExecutionOrderSort2 (0ms)
			AwakeInstancesAfterBackupRestoration (11ms)
Platform modules already initialized, skipping
Refreshing native plugins compatible for Editor in 0,35 ms, found 0 plugins.
Preloading 0 native plugins for Editor in 0,00 ms.
Unloading 1406 Unused Serialized files (Serialized files now loaded: 0)
System memory in use before: 74,1 MB.
System memory in use after: 74,2 MB.

Unloading 12 unused Assets to reduce memory usage. Loaded Objects now: 1920.
Total: 5,349382 ms (FindLiveObjects: 0,152182 ms CreateObjectMapping: 0,038117 ms MarkObjects: 5,108361 ms  DeleteObjects: 0,049689 ms)

AssetImportParameters requested are different than current active one (requested -> active):
  custom:video-decoder-ogg-theora: a1e56fd34408186e4bbccfd4996cb3dc -> 
  custom:container-muxer-webm: aa71ff27fc2769a1b78a27578f13a17b -> 
  custom:container-demuxer-webm: 4f35f7cbe854078d1ac9338744f61a02 -> 
  custom:container-demuxer-ogg: 62fdf1f143b41e24485cea50d1cbac27 -> 
  custom:video-encoder-webm-vp8: eb34c28f22e8b96e1ab97ce403110664 -> 
  custom:video-decoder-webm-vp8: 9c59270c3fd7afecdb556c50c9e8de78 -> 
  custom:audio-decoder-ogg-vorbis: bf7c407c2cedff20999df2af8eb42d56 -> 
  custom:audio-encoder-webm-vorbis: bf7c407c2cedff20999df2af8eb42d56 -> 
AssetImportWorkerClient::OnTransportError - code=2 error=End of file
